Using pre-set license
Built from '2020.3/staging' branch; Version is '2020.3.16f1 (049d6eca3c44) revision 302446'; Using compiler version '192528614'; Build Type 'Release'
OS: 'Windows 10 Pro; OS build 19043.1165; Version 2009; 64bit' Language: 'ru' Physical Memory: 24475 MB
BatchMode: 1, IsHumanControllingUs: 0, StartBugReporterOnCrash: 0, Is64bit: 1, IsPro: 0

 COMMAND LINE ARGUMENTS:
D:\Unity\2020.3.16f1\Editor\Unity.exe
-adb2
-batchMode
-noUpm
-name
AssetImportWorker0
-projectPath
I:/geekbrains/Основы С# в Unity/RollABall8
-logFile
Logs/AssetImportWorker0.log
-srvPort
62602
Successfully changed project path to: I:/geekbrains/Основы С# в Unity/RollABall8
I:/geekbrains/Основы С# в Unity/RollABall8
Using Asset Import Pipeline V2.
Refreshing native plugins compatible for Editor in 211.57 ms, found 2 plugins.
Preloading 0 native plugins for Editor in 0.00 ms.
Initialize engine version: 2020.3.16f1 (049d6eca3c44)
[Subsystems] Discovering subsystems at path D:/Unity/2020.3.16f1/Editor/Data/Resources/UnitySubsystems
[Subsystems] Discovering subsystems at path I:/geekbrains/Основы С# в Unity/RollABall8/Assets
GfxDevice: creating device client; threaded=0
Direct3D:
    Version:  Direct3D 11.0 [level 11.1]
    Renderer: Radeon (TM) RX 480 Graphics (ID=0x67df)
    Vendor:   
    VRAM:     4075 MB
    Driver:   27.20.1034.6
Initialize mono
Mono path[0] = 'D:/Unity/2020.3.16f1/Editor/Data/Managed'
Mono path[1] = 'D:/Unity/2020.3.16f1/Editor/Data/MonoBleedingEdge/lib/mono/unityjit'
Mono config path = 'D:/Unity/2020.3.16f1/Editor/Data/MonoBleedingEdge/etc'
Using monoOptions --debugger-agent=transport=dt_socket,embedding=1,server=y,suspend=n,address=127.0.0.1:56256
Begin MonoManager ReloadAssembly
Registering precompiled unity dll's ...
Register platform support module: D:/Unity/2020.3.16f1/Editor/Data/PlaybackEngines/WindowsStandaloneSupport/UnityEditor.WindowsStandalone.Extensions.dll
Registered in 0.001910 seconds.
Native extension for WindowsStandalone target not found
Refreshing native plugins compatible for Editor in 56.73 ms, found 2 plugins.
Preloading 0 native plugins for Editor in 0.00 ms.
Mono: successfully reloaded assembly
- Completed reload, in  2.322 seconds
Domain Reload Profiling:
	ReloadAssembly (2322ms)
		BeginReloadAssembly (79ms)
			ExecutionOrderSort (0ms)
			DisableScriptedObjects (0ms)
			BackupInstance (0ms)
			ReleaseScriptingObjects (0ms)
			CreateAndSetChildDomain (1ms)
		EndReloadAssembly (651ms)
			LoadAssemblies (77ms)
			RebuildTransferFunctionScriptingTraits (0ms)
			SetupTypeCache (266ms)
			ReleaseScriptCaches (0ms)
			RebuildScriptCaches (46ms)
			SetupLoadedEditorAssemblies (242ms)
				LogAssemblyErrors (0ms)
				InitializePlatformSupportModulesInManaged (5ms)
				SetLoadedEditorAssemblies (0ms)
				RefreshPlugins (57ms)
				BeforeProcessingInitializeOnLoad (18ms)
				ProcessInitializeOnLoadAttributes (118ms)
				ProcessInitializeOnLoadMethodAttributes (43ms)
				AfterProcessingInitializeOnLoad (0ms)
				EditorAssembliesLoaded (0ms)
			ExecutionOrderSort2 (0ms)
			AwakeInstancesAfterBackupRestoration (0ms)
Platform modules already initialized, skipping
Registering precompiled user dll's ...
Registered in 0.099391 seconds.
Begin MonoManager ReloadAssembly
Native extension for WindowsStandalone target not found
Refreshing native plugins compatible for Editor in 0.52 ms, found 2 plugins.
Preloading 0 native plugins for Editor in 0.00 ms.
Mono: successfully reloaded assembly
- Completed reload, in  1.779 seconds
Domain Reload Profiling:
	ReloadAssembly (1780ms)
		BeginReloadAssembly (230ms)
			ExecutionOrderSort (0ms)
			DisableScriptedObjects (7ms)
			BackupInstance (0ms)
			ReleaseScriptingObjects (0ms)
			CreateAndSetChildDomain (28ms)
		EndReloadAssembly (1434ms)
			LoadAssemblies (192ms)
			RebuildTransferFunctionScriptingTraits (0ms)
			SetupTypeCache (457ms)
			ReleaseScriptCaches (1ms)
			RebuildScriptCaches (71ms)
			SetupLoadedEditorAssemblies (542ms)
				LogAssemblyErrors (0ms)
				InitializePlatformSupportModulesInManaged (7ms)
				SetLoadedEditorAssemblies (1ms)
				RefreshPlugins (1ms)
				BeforeProcessingInitializeOnLoad (120ms)
				ProcessInitializeOnLoadAttributes (403ms)
				ProcessInitializeOnLoadMethodAttributes (6ms)
				AfterProcessingInitializeOnLoad (5ms)
				EditorAssembliesLoaded (0ms)
			ExecutionOrderSort2 (0ms)
			AwakeInstancesAfterBackupRestoration (9ms)
Platform modules already initialized, skipping
========================================================================
Worker process is ready to serve import requests
Launched and connected shader compiler UnityShaderCompiler.exe after 0.13 seconds
Refreshing native plugins compatible for Editor in 0.48 ms, found 2 plugins.
Preloading 0 native plugins for Editor in 0.00 ms.
Unloading 1435 Unused Serialized files (Serialized files now loaded: 0)
System memory in use before: 78.3 MB.
System memory in use after: 78.4 MB.

Unloading 18 unused Assets to reduce memory usage. Loaded Objects now: 1886.
Total: 3.897000 ms (FindLiveObjects: 0.309100 ms CreateObjectMapping: 0.076100 ms MarkObjects: 3.372000 ms  DeleteObjects: 0.138300 ms)

AssetImportParameters requested are different than current active one (requested -> active):
  custom:framework-win-MediaFoundation: 216162199b28c13a410421893ffa2e32 -> 
  custom:video-decoder-ogg-theora: a1e56fd34408186e4bbccfd4996cb3dc -> 
  custom:container-muxer-webm: aa71ff27fc2769a1b78a27578f13a17b -> 
  custom:container-demuxer-webm: 4f35f7cbe854078d1ac9338744f61a02 -> 
  custom:container-demuxer-ogg: 62fdf1f143b41e24485cea50d1cbac27 -> 
  custom:video-encoder-webm-vp8: eb34c28f22e8b96e1ab97ce403110664 -> 
  custom:video-decoder-webm-vp8: 9c59270c3fd7afecdb556c50c9e8de78 -> 
  custom:audio-decoder-ogg-vorbis: bf7c407c2cedff20999df2af8eb42d56 -> 
  custom:audio-encoder-webm-vorbis: bf7c407c2cedff20999df2af8eb42d56 -> 
========================================================================
Received Import Request.
  path: Assets/Scripts/GameController.cs
  artifactKey: Guid(353a69076fce084478a4325b3c9b31b6) Importer(815301076,1909f56bfc062723c751e8b465ee728b)
Start importing Assets/Scripts/GameController.cs using Guid(353a69076fce084478a4325b3c9b31b6) Importer(815301076,1909f56bfc062723c751e8b465ee728b)  -> (artifact id: '03542cf209b1c1a8e9a94cb12fd86918') in 3.302967 seconds 
  Import took 3.306179 seconds .

========================================================================
Received Import Request.
  Time since last request: 10.104200 seconds.
  path: Assets/Scripts/Reference.cs
  artifactKey: Guid(ab62fa1dec1b5d04a9efb5a60952e823) Importer(815301076,1909f56bfc062723c751e8b465ee728b)
Start importing Assets/Scripts/Reference.cs using Guid(ab62fa1dec1b5d04a9efb5a60952e823) Importer(815301076,1909f56bfc062723c751e8b465ee728b)  -> (artifact id: '8ae3bd414e821b705b0591e233b897eb') in 1.078310 seconds 
  Import took 1.081884 seconds .

========================================================================
Received Import Request.
  Time since last request: 30.592869 seconds.
  path: Assets/Scripts/InputData.cs
  artifactKey: Guid(3d45f566d0ff7eb44a6cd396396f753e) Importer(815301076,1909f56bfc062723c751e8b465ee728b)
Start importing Assets/Scripts/InputData.cs using Guid(3d45f566d0ff7eb44a6cd396396f753e) Importer(815301076,1909f56bfc062723c751e8b465ee728b)  -> (artifact id: '21c363bec2420280fa8b87bdb162a997') in 2.846942 seconds 
  Import took 2.852753 seconds .

========================================================================
Received Import Request.
  Time since last request: 0.074426 seconds.
  path: Assets/Scripts/InputController.cs
  artifactKey: Guid(92151047498192640960452a687742d6) Importer(815301076,1909f56bfc062723c751e8b465ee728b)
Start importing Assets/Scripts/InputController.cs using Guid(92151047498192640960452a687742d6) Importer(815301076,1909f56bfc062723c751e8b465ee728b)  -> (artifact id: 'f3ce543202218624b1186bc18b654cc3') in 0.207676 seconds 
  Import took 0.213431 seconds .

========================================================================
Received Import Request.
  Time since last request: 15.978387 seconds.
  path: Assets/Scripts/GoodBonusForWin.cs
  artifactKey: Guid(8ff745a6e1048cb48863b524dcac7d6b) Importer(815301076,1909f56bfc062723c751e8b465ee728b)
Start importing Assets/Scripts/GoodBonusForWin.cs using Guid(8ff745a6e1048cb48863b524dcac7d6b) Importer(815301076,1909f56bfc062723c751e8b465ee728b)  -> (artifact id: 'd886165091955290fdd5cf1860880f54') in 2.300997 seconds 
  Import took 2.306399 seconds .

========================================================================
Received Import Request.
  Time since last request: 8.733702 seconds.
  path: Assets/Scripts/GoodBonus.cs
  artifactKey: Guid(cab48dfc13defcb46b68e8a193d3c016) Importer(815301076,1909f56bfc062723c751e8b465ee728b)
Start importing Assets/Scripts/GoodBonus.cs using Guid(cab48dfc13defcb46b68e8a193d3c016) Importer(815301076,1909f56bfc062723c751e8b465ee728b)  -> (artifact id: '41bf7adf95a801b987d5c5e8d39e7d31') in 2.259271 seconds 
  Import took 2.267092 seconds .

========================================================================
Received Import Request.
  Time since last request: 36.796434 seconds.
  path: Assets/Scripts/ExampleClass.cs
  artifactKey: Guid(1ba376dd4f06399408fdde3d63305ba5) Importer(815301076,1909f56bfc062723c751e8b465ee728b)
Start importing Assets/Scripts/ExampleClass.cs using Guid(1ba376dd4f06399408fdde3d63305ba5) Importer(815301076,1909f56bfc062723c751e8b465ee728b)  -> (artifact id: 'c78af0a4227f0e66f8b1f70d7bd745a8') in 0.619112 seconds 
  Import took 0.626435 seconds .

========================================================================
Received Import Request.
  Time since last request: 5.628752 seconds.
  path: Assets/Scripts/DisplayEndGame.cs
  artifactKey: Guid(382277781dfff2c4e91d30ebaf8e07e0) Importer(815301076,1909f56bfc062723c751e8b465ee728b)
Start importing Assets/Scripts/DisplayEndGame.cs using Guid(382277781dfff2c4e91d30ebaf8e07e0) Importer(815301076,1909f56bfc062723c751e8b465ee728b)  -> (artifact id: 'c12c2da8c30447da434a955d398f8aa9') in 0.674919 seconds 
  Import took 0.683239 seconds .

========================================================================
Received Import Request.
  Time since last request: 29.531813 seconds.
  path: Assets/Scripts/CameraController.cs
  artifactKey: Guid(84359731b2ef9a94d900565d2a35dd53) Importer(815301076,1909f56bfc062723c751e8b465ee728b)
Start importing Assets/Scripts/CameraController.cs using Guid(84359731b2ef9a94d900565d2a35dd53) Importer(815301076,1909f56bfc062723c751e8b465ee728b)  -> (artifact id: '98325f1e6f56dc45fe93d3c24d687052') in 0.645651 seconds 
  Import took 0.653138 seconds .

========================================================================
Received Import Request.
  Time since last request: 127.391334 seconds.
  path: Assets/Scripts/DisplayBonuses.cs
  artifactKey: Guid(b5244e56eee2b1d48ae205fadbbef6d5) Importer(815301076,1909f56bfc062723c751e8b465ee728b)
Start importing Assets/Scripts/DisplayBonuses.cs using Guid(b5244e56eee2b1d48ae205fadbbef6d5) Importer(815301076,1909f56bfc062723c751e8b465ee728b)  -> (artifact id: '00000000000000000000000000000000') in 0.023224 seconds  code(4) message(Build asset version error: assets/scripts/displaybonuses.cs in SourceAssetDB has modification time of '2021-08-30T19:06:04Z' while content on disk has modification time of '2021-08-30T19:06:14Z')
  ERROR: Build asset version error: assets/scripts/displaybonuses.cs in SourceAssetDB has modification time of '2021-08-30T19:06:04Z' while content on disk has modification time of '2021-08-30T19:06:14Z'
  Import took 0.026673 seconds .

========================================================================
Received Import Request.
  Time since last request: 2.065227 seconds.
  path: Assets/Scripts/DisplayBonuses.cs
  artifactKey: Guid(b5244e56eee2b1d48ae205fadbbef6d5) Importer(815301076,1909f56bfc062723c751e8b465ee728b)
Start importing Assets/Scripts/DisplayBonuses.cs using Guid(b5244e56eee2b1d48ae205fadbbef6d5) Importer(815301076,1909f56bfc062723c751e8b465ee728b)  -> (artifact id: '00000000000000000000000000000000') in 0.019123 seconds  code(4) message(Build asset version error: assets/scripts/displaybonuses.cs in SourceAssetDB has modification time of '2021-08-30T19:06:04Z' while content on disk has modification time of '2021-08-30T19:06:14Z')
  ERROR: Build asset version error: assets/scripts/displaybonuses.cs in SourceAssetDB has modification time of '2021-08-30T19:06:04Z' while content on disk has modification time of '2021-08-30T19:06:14Z'
  Import took 0.050970 seconds .

========================================================================
Received Import Request.
  Time since last request: 0.024864 seconds.
  path: Assets/Scripts/DisplayBonuses.cs
  artifactKey: Guid(b5244e56eee2b1d48ae205fadbbef6d5) Importer(815301076,1909f56bfc062723c751e8b465ee728b)
Start importing Assets/Scripts/DisplayBonuses.cs using Guid(b5244e56eee2b1d48ae205fadbbef6d5) Importer(815301076,1909f56bfc062723c751e8b465ee728b)  -> (artifact id: '00000000000000000000000000000000') in 0.009392 seconds  code(4) message(Build asset version error: assets/scripts/displaybonuses.cs in SourceAssetDB has modification time of '2021-08-30T19:06:04Z' while content on disk has modification time of '2021-08-30T19:06:14Z')
  ERROR: Build asset version error: assets/scripts/displaybonuses.cs in SourceAssetDB has modification time of '2021-08-30T19:06:04Z' while content on disk has modification time of '2021-08-30T19:06:14Z'
  Import took 0.013341 seconds .

========================================================================
Received Import Request.
  Time since last request: 0.024918 seconds.
  path: Assets/Scripts/DisplayBonuses.cs
  artifactKey: Guid(b5244e56eee2b1d48ae205fadbbef6d5) Importer(815301076,1909f56bfc062723c751e8b465ee728b)
Start importing Assets/Scripts/DisplayBonuses.cs using Guid(b5244e56eee2b1d48ae205fadbbef6d5) Importer(815301076,1909f56bfc062723c751e8b465ee728b)  -> (artifact id: '00000000000000000000000000000000') in 0.006463 seconds  code(4) message(Build asset version error: assets/scripts/displaybonuses.cs in SourceAssetDB has modification time of '2021-08-30T19:06:04Z' while content on disk has modification time of '2021-08-30T19:06:14Z')
  ERROR: Build asset version error: assets/scripts/displaybonuses.cs in SourceAssetDB has modification time of '2021-08-30T19:06:04Z' while content on disk has modification time of '2021-08-30T19:06:14Z'
  Import took 0.010947 seconds .

========================================================================
Received Import Request.
  Time since last request: 0.025298 seconds.
  path: Assets/Scripts/DisplayBonuses.cs
  artifactKey: Guid(b5244e56eee2b1d48ae205fadbbef6d5) Importer(815301076,1909f56bfc062723c751e8b465ee728b)
Start importing Assets/Scripts/DisplayBonuses.cs using Guid(b5244e56eee2b1d48ae205fadbbef6d5) Importer(815301076,1909f56bfc062723c751e8b465ee728b)  -> (artifact id: '00000000000000000000000000000000') in 0.031429 seconds  code(4) message(Build asset version error: assets/scripts/displaybonuses.cs in SourceAssetDB has modification time of '2021-08-30T19:06:04Z' while content on disk has modification time of '2021-08-30T19:06:14Z')
  ERROR: Build asset version error: assets/scripts/displaybonuses.cs in SourceAssetDB has modification time of '2021-08-30T19:06:04Z' while content on disk has modification time of '2021-08-30T19:06:14Z'
  Import took 0.035186 seconds .

========================================================================
Received Import Request.
  Time since last request: 0.023529 seconds.
  path: Assets/Scripts/DisplayBonuses.cs
  artifactKey: Guid(b5244e56eee2b1d48ae205fadbbef6d5) Importer(815301076,1909f56bfc062723c751e8b465ee728b)
Start importing Assets/Scripts/DisplayBonuses.cs using Guid(b5244e56eee2b1d48ae205fadbbef6d5) Importer(815301076,1909f56bfc062723c751e8b465ee728b)  -> (artifact id: '00000000000000000000000000000000') in 0.019113 seconds  code(4) message(Build asset version error: assets/scripts/displaybonuses.cs in SourceAssetDB has modification time of '2021-08-30T19:06:04Z' while content on disk has modification time of '2021-08-30T19:06:14Z')
  ERROR: Build asset version error: assets/scripts/displaybonuses.cs in SourceAssetDB has modification time of '2021-08-30T19:06:04Z' while content on disk has modification time of '2021-08-30T19:06:14Z'
  Import took 0.022690 seconds .

========================================================================
Received Import Request.
  Time since last request: 0.016018 seconds.
  path: Assets/Scripts/DisplayBonuses.cs
  artifactKey: Guid(b5244e56eee2b1d48ae205fadbbef6d5) Importer(815301076,1909f56bfc062723c751e8b465ee728b)
Start importing Assets/Scripts/DisplayBonuses.cs using Guid(b5244e56eee2b1d48ae205fadbbef6d5) Importer(815301076,1909f56bfc062723c751e8b465ee728b)  -> (artifact id: '00000000000000000000000000000000') in 0.003074 seconds  code(4) message(Build asset version error: assets/scripts/displaybonuses.cs in SourceAssetDB has modification time of '2021-08-30T19:06:04Z' while content on disk has modification time of '2021-08-30T19:06:14Z')
  ERROR: Build asset version error: assets/scripts/displaybonuses.cs in SourceAssetDB has modification time of '2021-08-30T19:06:04Z' while content on disk has modification time of '2021-08-30T19:06:14Z'
  Import took 0.017940 seconds .

========================================================================
Received Import Request.
  Time since last request: 0.018718 seconds.
  path: Assets/Scripts/DisplayBonuses.cs
  artifactKey: Guid(b5244e56eee2b1d48ae205fadbbef6d5) Importer(815301076,1909f56bfc062723c751e8b465ee728b)
Start importing Assets/Scripts/DisplayBonuses.cs using Guid(b5244e56eee2b1d48ae205fadbbef6d5) Importer(815301076,1909f56bfc062723c751e8b465ee728b)  -> (artifact id: '00000000000000000000000000000000') in 0.004914 seconds  code(4) message(Build asset version error: assets/scripts/displaybonuses.cs in SourceAssetDB has modification time of '2021-08-30T19:06:04Z' while content on disk has modification time of '2021-08-30T19:06:14Z')
  ERROR: Build asset version error: assets/scripts/displaybonuses.cs in SourceAssetDB has modification time of '2021-08-30T19:06:04Z' while content on disk has modification time of '2021-08-30T19:06:14Z'
  Import took 0.012877 seconds .

========================================================================
Received Import Request.
  Time since last request: 0.021710 seconds.
  path: Assets/Scripts/DisplayBonuses.cs
  artifactKey: Guid(b5244e56eee2b1d48ae205fadbbef6d5) Importer(815301076,1909f56bfc062723c751e8b465ee728b)
Start importing Assets/Scripts/DisplayBonuses.cs using Guid(b5244e56eee2b1d48ae205fadbbef6d5) Importer(815301076,1909f56bfc062723c751e8b465ee728b)  -> (artifact id: '00000000000000000000000000000000') in 0.010438 seconds  code(4) message(Build asset version error: assets/scripts/displaybonuses.cs in SourceAssetDB has modification time of '2021-08-30T19:06:04Z' while content on disk has modification time of '2021-08-30T19:06:14Z')
  ERROR: Build asset version error: assets/scripts/displaybonuses.cs in SourceAssetDB has modification time of '2021-08-30T19:06:04Z' while content on disk has modification time of '2021-08-30T19:06:14Z'
  Import took 0.014027 seconds .

========================================================================
Received Import Request.
  Time since last request: 0.023088 seconds.
  path: Assets/Scripts/DisplayBonuses.cs
  artifactKey: Guid(b5244e56eee2b1d48ae205fadbbef6d5) Importer(815301076,1909f56bfc062723c751e8b465ee728b)
Start importing Assets/Scripts/DisplayBonuses.cs using Guid(b5244e56eee2b1d48ae205fadbbef6d5) Importer(815301076,1909f56bfc062723c751e8b465ee728b)  -> (artifact id: '00000000000000000000000000000000') in 0.003755 seconds  code(4) message(Build asset version error: assets/scripts/displaybonuses.cs in SourceAssetDB has modification time of '2021-08-30T19:06:04Z' while content on disk has modification time of '2021-08-30T19:06:14Z')
  ERROR: Build asset version error: assets/scripts/displaybonuses.cs in SourceAssetDB has modification time of '2021-08-30T19:06:04Z' while content on disk has modification time of '2021-08-30T19:06:14Z'
  Import took 0.015701 seconds .

========================================================================
Received Import Request.
  Time since last request: 16.939154 seconds.
  path: Assets/Scripts/DisplayBonuses.cs
  artifactKey: Guid(b5244e56eee2b1d48ae205fadbbef6d5) Importer(815301076,1909f56bfc062723c751e8b465ee728b)
Start importing Assets/Scripts/DisplayBonuses.cs using Guid(b5244e56eee2b1d48ae205fadbbef6d5) Importer(815301076,1909f56bfc062723c751e8b465ee728b)  -> (artifact id: 'f60a5f90ea6d3a13a2fa1b53710d132c') in 4.651652 seconds 
  Import took 4.662177 seconds .

========================================================================
Received Import Request.
  Time since last request: 80.081836 seconds.
  path: Assets/Scripts/DisplayBonuses.cs
  artifactKey: Guid(b5244e56eee2b1d48ae205fadbbef6d5) Importer(815301076,1909f56bfc062723c751e8b465ee728b)
Start importing Assets/Scripts/DisplayBonuses.cs using Guid(b5244e56eee2b1d48ae205fadbbef6d5) Importer(815301076,1909f56bfc062723c751e8b465ee728b)  -> (artifact id: '7510b02f9d9c4ccd44812e682ded6cf7') in 1.477477 seconds 
  Import took 1.482213 seconds .

========================================================================
Received Import Request.
  Time since last request: 89.402307 seconds.
  path: Assets/Scripts/PlayerPrefsData.cs
  artifactKey: Guid(dfcd863081ef4d64ca545e88285f5be3) Importer(815301076,1909f56bfc062723c751e8b465ee728b)
Start importing Assets/Scripts/PlayerPrefsData.cs using Guid(dfcd863081ef4d64ca545e88285f5be3) Importer(815301076,1909f56bfc062723c751e8b465ee728b)  -> (artifact id: 'bed5efbf5ea0207b34a79002336ed759') in 0.650508 seconds 
  Import took 0.659393 seconds .

========================================================================
Received Import Request.
  Time since last request: 522.571165 seconds.
  path: Assets/Scripts/SaveData/Repository.Hp.cs
  artifactKey: Guid(363f2e275d45f834ea1a28b0cb8d9eed) Importer(815301076,1909f56bfc062723c751e8b465ee728b)
Start importing Assets/Scripts/SaveData/Repository.Hp.cs using Guid(363f2e275d45f834ea1a28b0cb8d9eed) Importer(815301076,1909f56bfc062723c751e8b465ee728b)  -> (artifact id: '8fed54c5c12d316b9ace2ed7e2c5031b') in 2.933734 seconds 
  Import took 2.940953 seconds .

========================================================================
Received Import Request.
  Time since last request: 75.168284 seconds.
  path: Assets/Scripts/SaveData/NewDir/Repository.Hp.cs
  artifactKey: Guid(363f2e275d45f834ea1a28b0cb8d9eed) Importer(815301076,1909f56bfc062723c751e8b465ee728b)
Start importing Assets/Scripts/SaveData/NewDir/Repository.Hp.cs using Guid(363f2e275d45f834ea1a28b0cb8d9eed) Importer(815301076,1909f56bfc062723c751e8b465ee728b)  -> (artifact id: 'bf4e9d1e3640a8136ef15990b12f5d22') in 0.064856 seconds 
  Import took 0.069084 seconds .

========================================================================
Received Import Request.
  Time since last request: 61.324351 seconds.
  path: Assets/Scripts/SaveData/NewDir/ISaveHp.cs
  artifactKey: Guid(d11ab5d646a862a4d9c9d9ebe8c917b6) Importer(815301076,1909f56bfc062723c751e8b465ee728b)
Start importing Assets/Scripts/SaveData/NewDir/ISaveHp.cs using Guid(d11ab5d646a862a4d9c9d9ebe8c917b6) Importer(815301076,1909f56bfc062723c751e8b465ee728b)  -> (artifact id: 'a640aa7b659589787c4e6bef1e4c9dc3') in 1.764559 seconds 
  Import took 1.773624 seconds .

========================================================================
Received Import Request.
  Time since last request: 18.709313 seconds.
  path: Assets/Scripts/SaveData/NewDir/ISaveHp.cs
  artifactKey: Guid(d11ab5d646a862a4d9c9d9ebe8c917b6) Importer(815301076,1909f56bfc062723c751e8b465ee728b)
Start importing Assets/Scripts/SaveData/NewDir/ISaveHp.cs using Guid(d11ab5d646a862a4d9c9d9ebe8c917b6) Importer(815301076,1909f56bfc062723c751e8b465ee728b)  -> (artifact id: '8f8e8c6b5d59e3415418d5a0b27385bd') in 2.921327 seconds 
  Import took 2.924603 seconds .

========================================================================
Received Import Request.
  Time since last request: 0.661107 seconds.
  path: Assets/Scripts/SaveData/NewDir/ISaveHp.cs
  artifactKey: Guid(d11ab5d646a862a4d9c9d9ebe8c917b6) Importer(815301076,1909f56bfc062723c751e8b465ee728b)
Start importing Assets/Scripts/SaveData/NewDir/ISaveHp.cs using Guid(d11ab5d646a862a4d9c9d9ebe8c917b6) Importer(815301076,1909f56bfc062723c751e8b465ee728b)  -> (artifact id: '8f8e8c6b5d59e3415418d5a0b27385bd') in 0.674244 seconds 
  Import took 0.677223 seconds .

========================================================================
Received Import Request.
  Time since last request: 279.661024 seconds.
  path: Assets/Scripts/Controllers
  artifactKey: Guid(e833a8abadddd6d4bac04c26f76b5a6a) Importer(815301076,1909f56bfc062723c751e8b465ee728b)
Start importing Assets/Scripts/Controllers using Guid(e833a8abadddd6d4bac04c26f76b5a6a) Importer(815301076,1909f56bfc062723c751e8b465ee728b)  -> (artifact id: '80696afb3dc7227eb0c1ce8e404820c7') in 0.740870 seconds 
  Import took 0.748090 seconds .

========================================================================
Received Import Request.
  Time since last request: 22.095987 seconds.
  path: Assets/Scripts/Controllers/ControllerTest2.cs
  artifactKey: Guid(140ff984489762a4381f8ad7dda58439) Importer(815301076,1909f56bfc062723c751e8b465ee728b)
Start importing Assets/Scripts/Controllers/ControllerTest2.cs using Guid(140ff984489762a4381f8ad7dda58439) Importer(815301076,1909f56bfc062723c751e8b465ee728b)  -> (artifact id: '65bbaef625f43fef33af01acff274bab') in 4.012305 seconds 
  Import took 4.016543 seconds .

========================================================================
Received Import Request.
  Time since last request: 113.475509 seconds.
  path: Assets/Scripts/Controllers/ControllerTest2.cs
  artifactKey: Guid(140ff984489762a4381f8ad7dda58439) Importer(815301076,1909f56bfc062723c751e8b465ee728b)
Start importing Assets/Scripts/Controllers/ControllerTest2.cs using Guid(140ff984489762a4381f8ad7dda58439) Importer(815301076,1909f56bfc062723c751e8b465ee728b)  -> (artifact id: 'd72eecff8f682cb2960b0c299acdd732') in 0.616853 seconds 
  Import took 0.623557 seconds .

========================================================================
Received Import Request.
  Time since last request: 62.029135 seconds.
  path: Assets/Scripts/InputController.cs
  artifactKey: Guid(92151047498192640960452a687742d6) Importer(815301076,1909f56bfc062723c751e8b465ee728b)
Start importing Assets/Scripts/InputController.cs using Guid(92151047498192640960452a687742d6) Importer(815301076,1909f56bfc062723c751e8b465ee728b)  -> (artifact id: '5e3e52d1d5761f1c5dea4f1e1ee36d1e') in 0.648116 seconds 
  Import took 0.652029 seconds .

========================================================================
Received Import Request.
  Time since last request: 2163.842097 seconds.
  path: Assets/Scripts/Helper
  artifactKey: Guid(0bbfb01ff6afe184b8b211a15d183fa9) Importer(815301076,1909f56bfc062723c751e8b465ee728b)
Start importing Assets/Scripts/Helper using Guid(0bbfb01ff6afe184b8b211a15d183fa9) Importer(815301076,1909f56bfc062723c751e8b465ee728b)  -> (artifact id: 'b20bd4bc0dacfb12dd2cd276ae9af92e') in 1.214836 seconds 
  Import took 1.220387 seconds .

========================================================================
Received Import Request.
  Time since last request: 16.764294 seconds.
  path: Assets/Scripts/Helper/Crypto.cs
  artifactKey: Guid(caeadfe003ad3414495737dedc381c3d) Importer(815301076,1909f56bfc062723c751e8b465ee728b)
Start importing Assets/Scripts/Helper/Crypto.cs using Guid(caeadfe003ad3414495737dedc381c3d) Importer(815301076,1909f56bfc062723c751e8b465ee728b)  -> (artifact id: 'dd1a1c27793808b0e78b39ef8ea05c67') in 2.356133 seconds 
  Import took 2.360683 seconds .

========================================================================
Received Import Request.
  Time since last request: 141.096423 seconds.
  path: Assets/Scripts/SaveData/JsonDataCripto.cs
  artifactKey: Guid(bcb8c32cb75adaf47904a1498d762c6e) Importer(815301076,1909f56bfc062723c751e8b465ee728b)
Start importing Assets/Scripts/SaveData/JsonDataCripto.cs using Guid(bcb8c32cb75adaf47904a1498d762c6e) Importer(815301076,1909f56bfc062723c751e8b465ee728b)  -> (artifact id: '1fb6f4be91a439580ff07a50b3c12e8b') in 0.976900 seconds 
  Import took 0.983677 seconds .

========================================================================
Received Import Request.
  Time since last request: 13.245095 seconds.
  path: Assets/Scripts/SaveData/JsonDataCrypto.cs
  artifactKey: Guid(bcb8c32cb75adaf47904a1498d762c6e) Importer(815301076,1909f56bfc062723c751e8b465ee728b)
Start importing Assets/Scripts/SaveData/JsonDataCrypto.cs using Guid(bcb8c32cb75adaf47904a1498d762c6e) Importer(815301076,1909f56bfc062723c751e8b465ee728b)  -> (artifact id: 'e5a3db9bfada5e90e69b84231f02e693') in 0.659177 seconds 
  Import took 0.666044 seconds .

========================================================================
Received Import Request.
  Time since last request: 98.643026 seconds.
  path: Assets/Scripts/SaveData/JsonDataCrypto.cs
  artifactKey: Guid(bcb8c32cb75adaf47904a1498d762c6e) Importer(815301076,1909f56bfc062723c751e8b465ee728b)
Start importing Assets/Scripts/SaveData/JsonDataCrypto.cs using Guid(bcb8c32cb75adaf47904a1498d762c6e) Importer(815301076,1909f56bfc062723c751e8b465ee728b)  -> (artifact id: '3ea8b111cbf3a02b3275275389f6da95') in 0.110314 seconds 
  Import took 0.114229 seconds .

========================================================================
Received Import Request.
  Time since last request: 145.972048 seconds.
  path: Assets/Scripts/SaveData/JsonDataCrypto.cs
  artifactKey: Guid(bcb8c32cb75adaf47904a1498d762c6e) Importer(815301076,1909f56bfc062723c751e8b465ee728b)
Start importing Assets/Scripts/SaveData/JsonDataCrypto.cs using Guid(bcb8c32cb75adaf47904a1498d762c6e) Importer(815301076,1909f56bfc062723c751e8b465ee728b)  -> (artifact id: 'fedc4bcd1a9a8ae6f1496fd3e6f01ef0') in 0.668085 seconds 
  Import took 0.675151 seconds .

========================================================================
Received Import Request.
  Time since last request: 0.777210 seconds.
  path: Assets/Scripts/SaveData/JsonDataCrypto.cs
  artifactKey: Guid(bcb8c32cb75adaf47904a1498d762c6e) Importer(815301076,1909f56bfc062723c751e8b465ee728b)
Start importing Assets/Scripts/SaveData/JsonDataCrypto.cs using Guid(bcb8c32cb75adaf47904a1498d762c6e) Importer(815301076,1909f56bfc062723c751e8b465ee728b)  -> (artifact id: 'fedc4bcd1a9a8ae6f1496fd3e6f01ef0') in 0.087155 seconds 
  Import took 0.091073 seconds .

========================================================================
Received Import Request.
  Time since last request: 505.628819 seconds.
  path: Assets/Scripts/SaveData/JsonDataCrypto.cs
  artifactKey: Guid(bcb8c32cb75adaf47904a1498d762c6e) Importer(815301076,1909f56bfc062723c751e8b465ee728b)
Start importing Assets/Scripts/SaveData/JsonDataCrypto.cs using Guid(bcb8c32cb75adaf47904a1498d762c6e) Importer(815301076,1909f56bfc062723c751e8b465ee728b)  -> (artifact id: '76595e04cf2140286c91ce6cbd9e4032') in 0.094419 seconds 
  Import took 0.097539 seconds .

========================================================================
Received Import Request.
  Time since last request: 1.329418 seconds.
  path: Assets/Scripts/SaveData/JsonDataCrypto.cs
  artifactKey: Guid(bcb8c32cb75adaf47904a1498d762c6e) Importer(815301076,1909f56bfc062723c751e8b465ee728b)
Start importing Assets/Scripts/SaveData/JsonDataCrypto.cs using Guid(bcb8c32cb75adaf47904a1498d762c6e) Importer(815301076,1909f56bfc062723c751e8b465ee728b)  -> (artifact id: '76595e04cf2140286c91ce6cbd9e4032') in 0.700190 seconds 
  Import took 0.706168 seconds .

========================================================================
Received Import Request.
  Time since last request: 10.413949 seconds.
  path: Assets/Scripts/SaveData/JsonDataCrypto.cs
  artifactKey: Guid(bcb8c32cb75adaf47904a1498d762c6e) Importer(815301076,1909f56bfc062723c751e8b465ee728b)
Start importing Assets/Scripts/SaveData/JsonDataCrypto.cs using Guid(bcb8c32cb75adaf47904a1498d762c6e) Importer(815301076,1909f56bfc062723c751e8b465ee728b)  -> (artifact id: '4c5970019a8c012101657ca90f12cde3') in 0.120162 seconds 
  Import took 0.123832 seconds .

========================================================================
Received Import Request.
  Time since last request: 2.433907 seconds.
  path: Assets/Scripts/SaveData/JsonDataCrypto.cs
  artifactKey: Guid(bcb8c32cb75adaf47904a1498d762c6e) Importer(815301076,1909f56bfc062723c751e8b465ee728b)
Start importing Assets/Scripts/SaveData/JsonDataCrypto.cs using Guid(bcb8c32cb75adaf47904a1498d762c6e) Importer(815301076,1909f56bfc062723c751e8b465ee728b)  -> (artifact id: '4c5970019a8c012101657ca90f12cde3') in 0.096640 seconds 
  Import took 0.115681 seconds .

========================================================================
Received Import Request.
  Time since last request: 23.569361 seconds.
  path: Assets/Scripts/SaveData/JsonDataCrypto.cs
  artifactKey: Guid(bcb8c32cb75adaf47904a1498d762c6e) Importer(815301076,1909f56bfc062723c751e8b465ee728b)
Start importing Assets/Scripts/SaveData/JsonDataCrypto.cs using Guid(bcb8c32cb75adaf47904a1498d762c6e) Importer(815301076,1909f56bfc062723c751e8b465ee728b)  -> (artifact id: 'fb293e547ee0e7e61261b0858ccebc96') in 0.098520 seconds 
  Import took 0.102574 seconds .

========================================================================
Received Import Request.
  Time since last request: 1.780532 seconds.
  path: Assets/Scripts/SaveData/JsonDataCrypto.cs
  artifactKey: Guid(bcb8c32cb75adaf47904a1498d762c6e) Importer(815301076,1909f56bfc062723c751e8b465ee728b)
Start importing Assets/Scripts/SaveData/JsonDataCrypto.cs using Guid(bcb8c32cb75adaf47904a1498d762c6e) Importer(815301076,1909f56bfc062723c751e8b465ee728b)  -> (artifact id: 'fb293e547ee0e7e61261b0858ccebc96') in 2.980500 seconds 
  Import took 2.985682 seconds .

========================================================================
Received Import Request.
  Time since last request: 621.094404 seconds.
  path: Assets/Scenes/02RollABallScene.unity
  artifactKey: Guid(9fc0d4010bbf28b4594072e72b8655ab) Importer(815301076,1909f56bfc062723c751e8b465ee728b)
Start importing Assets/Scenes/02RollABallScene.unity using Guid(9fc0d4010bbf28b4594072e72b8655ab) Importer(815301076,1909f56bfc062723c751e8b465ee728b)  -> (artifact id: 'ffbd666fbb6f0d2de9d33017a61d0e88') in 1.240678 seconds 
  Import took 1.247916 seconds .

========================================================================
Received Import Request.
  Time since last request: 347.328730 seconds.
  path: Assets/Scenes/RollABallScene.unity
  artifactKey: Guid(9fc0d4010bbf28b4594072e72b8655ab) Importer(815301076,1909f56bfc062723c751e8b465ee728b)
Start importing Assets/Scenes/RollABallScene.unity using Guid(9fc0d4010bbf28b4594072e72b8655ab) Importer(815301076,1909f56bfc062723c751e8b465ee728b)  -> (artifact id: 'e0efddb8a2ae39ad377885e1664a7a80') in 0.863733 seconds 
  Import took 0.869341 seconds .

========================================================================
Received Import Request.
  Time since last request: 1000.155881 seconds.
  path: Assets/Resources/Map
  artifactKey: Guid(d6074e1ed4923194ca384947051e9a89) Importer(815301076,1909f56bfc062723c751e8b465ee728b)
Start importing Assets/Resources/Map using Guid(d6074e1ed4923194ca384947051e9a89) Importer(815301076,1909f56bfc062723c751e8b465ee728b)  -> (artifact id: 'f1a007633f100ea5fbc3eb069a05b07c') in 1.255445 seconds 
  Import took 1.260906 seconds .

========================================================================
Received Import Request.
  Time since last request: 35.320467 seconds.
  path: Assets/Resources/Map/New Render Texture.renderTexture
  artifactKey: Guid(fa058a8c78fc4c641b2823b3adcf4e7b) Importer(815301076,1909f56bfc062723c751e8b465ee728b)
Start importing Assets/Resources/Map/New Render Texture.renderTexture using Guid(fa058a8c78fc4c641b2823b3adcf4e7b) Importer(815301076,1909f56bfc062723c751e8b465ee728b)  -> (artifact id: '103d2f15ee6c395c76c49fa12167a036') in 5.484895 seconds 
  Import took 5.494219 seconds .

========================================================================
Received Import Request.
  Time since last request: 0.034095 seconds.
  path: Assets/Resources/Map/New Render Texture.renderTexture
  artifactKey: Guid(fa058a8c78fc4c641b2823b3adcf4e7b) Importer(815301076,1909f56bfc062723c751e8b465ee728b)
Start importing Assets/Resources/Map/New Render Texture.renderTexture using Guid(fa058a8c78fc4c641b2823b3adcf4e7b) Importer(815301076,1909f56bfc062723c751e8b465ee728b)  -> (artifact id: '103d2f15ee6c395c76c49fa12167a036') in 4.691206 seconds 
  Import took 4.696844 seconds .

========================================================================
Received Import Request.
  Time since last request: 15.443493 seconds.
  path: Assets/Resources/Map/Map Render Texture.renderTexture
  artifactKey: Guid(fa058a8c78fc4c641b2823b3adcf4e7b) Importer(815301076,1909f56bfc062723c751e8b465ee728b)
Start importing Assets/Resources/Map/Map Render Texture.renderTexture using Guid(fa058a8c78fc4c641b2823b3adcf4e7b) Importer(815301076,1909f56bfc062723c751e8b465ee728b)  -> (artifact id: '062507cb2a36d0586e13eb6c0dde30c8') in 1.997068 seconds 
  Import took 2.003965 seconds .

========================================================================
Received Import Request.
  Time since last request: 488.331042 seconds.
  path: Assets/Scripts/Map
  artifactKey: Guid(fc0a6c3765d998e4cbdd3f1645ca7401) Importer(815301076,1909f56bfc062723c751e8b465ee728b)
Start importing Assets/Scripts/Map using Guid(fc0a6c3765d998e4cbdd3f1645ca7401) Importer(815301076,1909f56bfc062723c751e8b465ee728b)  -> (artifact id: 'ef0bd01b4c7780d643d72b6e9d04d8f2') in 0.073392 seconds 
  Import took 0.077598 seconds .

========================================================================
Received Import Request.
  Time since last request: 0.000707 seconds.
  path: Assets/Scripts/Map
  artifactKey: Guid(fc0a6c3765d998e4cbdd3f1645ca7401) Importer(815301076,1909f56bfc062723c751e8b465ee728b)
Start importing Assets/Scripts/Map using Guid(fc0a6c3765d998e4cbdd3f1645ca7401) Importer(815301076,1909f56bfc062723c751e8b465ee728b)  -> (artifact id: 'ef0bd01b4c7780d643d72b6e9d04d8f2') in 0.074989 seconds 
  Import took 0.077803 seconds .

========================================================================
Received Import Request.
  Time since last request: 33.326418 seconds.
  path: Assets/Scripts/Map/Map.cs
  artifactKey: Guid(2b3946aa75ac2bd47baea49e40fa1968) Importer(815301076,1909f56bfc062723c751e8b465ee728b)
Start importing Assets/Scripts/Map/Map.cs using Guid(2b3946aa75ac2bd47baea49e40fa1968) Importer(815301076,1909f56bfc062723c751e8b465ee728b)  -> (artifact id: 'cef619ca83e166c617ceb2f526cc7c9b') in 3.521754 seconds 
  Import took 3.528376 seconds .

========================================================================
Received Import Request.
  Time since last request: 46.581341 seconds.
  path: Assets/Scripts/Map/Map.cs
  artifactKey: Guid(2b3946aa75ac2bd47baea49e40fa1968) Importer(815301076,1909f56bfc062723c751e8b465ee728b)
Start importing Assets/Scripts/Map/Map.cs using Guid(2b3946aa75ac2bd47baea49e40fa1968) Importer(815301076,1909f56bfc062723c751e8b465ee728b)  -> (artifact id: 'c633d96caee74011967625ec844ebe1a') in 0.105469 seconds 
  Import took 0.108497 seconds .

========================================================================
Received Import Request.
  Time since last request: 67.543972 seconds.
  path: Assets/Scripts/Map/Map.cs
  artifactKey: Guid(2b3946aa75ac2bd47baea49e40fa1968) Importer(815301076,1909f56bfc062723c751e8b465ee728b)
Start importing Assets/Scripts/Map/Map.cs using Guid(2b3946aa75ac2bd47baea49e40fa1968) Importer(815301076,1909f56bfc062723c751e8b465ee728b)  -> (artifact id: '433c720cb0e839dccf2c9ff169a5e0b8') in 2.039697 seconds 
  Import took 2.046729 seconds .

========================================================================
Received Import Request.
  Time since last request: 106.633392 seconds.
  path: Assets/Resources/Map/MapRenderTexture.renderTexture
  artifactKey: Guid(fa058a8c78fc4c641b2823b3adcf4e7b) Importer(815301076,1909f56bfc062723c751e8b465ee728b)
Start importing Assets/Resources/Map/MapRenderTexture.renderTexture using Guid(fa058a8c78fc4c641b2823b3adcf4e7b) Importer(815301076,1909f56bfc062723c751e8b465ee728b)  -> (artifact id: 'cf8628dfbd86e6234b0242adf63e9440') in 0.707925 seconds 
  Import took 0.713756 seconds .

========================================================================
Received Import Request.
  Time since last request: 34.997176 seconds.
  path: Assets/Scripts/Map/Map.cs
  artifactKey: Guid(2b3946aa75ac2bd47baea49e40fa1968) Importer(815301076,1909f56bfc062723c751e8b465ee728b)
Start importing Assets/Scripts/Map/Map.cs using Guid(2b3946aa75ac2bd47baea49e40fa1968) Importer(815301076,1909f56bfc062723c751e8b465ee728b)  -> (artifact id: '28ecfbc20ea7ff8d484644acfa341c2c') in 0.648734 seconds 
  Import took 0.652864 seconds .

========================================================================
Received Import Request.
  Time since last request: 801.505401 seconds.
  path: Assets/Scripts/Map/Map.cs
  artifactKey: Guid(2b3946aa75ac2bd47baea49e40fa1968) Importer(815301076,1909f56bfc062723c751e8b465ee728b)
Start importing Assets/Scripts/Map/Map.cs using Guid(2b3946aa75ac2bd47baea49e40fa1968) Importer(815301076,1909f56bfc062723c751e8b465ee728b)  -> (artifact id: 'e0b0f60ed20c6fcb43b2503d206e8d08') in 2.364079 seconds 
  Import took 2.369813 seconds .

========================================================================
Received Import Request.
  Time since last request: 31.294337 seconds.
  path: Assets/Scripts/Interface
  artifactKey: Guid(97188e50b1546d04ab0629a51fce893d) Importer(815301076,1909f56bfc062723c751e8b465ee728b)
Start importing Assets/Scripts/Interface using Guid(97188e50b1546d04ab0629a51fce893d) Importer(815301076,1909f56bfc062723c751e8b465ee728b)  -> (artifact id: 'aef8424684c9f2db200fbe8a221c6573') in 0.726801 seconds 
  Import took 0.743898 seconds .

========================================================================
Received Import Request.
  Time since last request: 27.545506 seconds.
  path: Assets/Scripts/Interface/ILateExecute.cs
  artifactKey: Guid(e0a0ad90e91bab642bf1e2639d85ce4e) Importer(815301076,1909f56bfc062723c751e8b465ee728b)
Start importing Assets/Scripts/Interface/ILateExecute.cs using Guid(e0a0ad90e91bab642bf1e2639d85ce4e) Importer(815301076,1909f56bfc062723c751e8b465ee728b)  -> (artifact id: 'bfe6aab5996fb933d1820110af1f4611') in 2.407302 seconds 
  Import took 2.413962 seconds .

========================================================================
Received Import Request.
  Time since last request: 22.230834 seconds.
  path: Assets/Scripts/Interface/IInitialization.cs
  artifactKey: Guid(b3db4c9fd7284824ea08e23c9c12eaee) Importer(815301076,1909f56bfc062723c751e8b465ee728b)
Start importing Assets/Scripts/Interface/IInitialization.cs using Guid(b3db4c9fd7284824ea08e23c9c12eaee) Importer(815301076,1909f56bfc062723c751e8b465ee728b)  -> (artifact id: 'ce8adf4f7d56c580f1b71b667d8fd0be') in 1.776182 seconds 
  Import took 1.790554 seconds .

========================================================================
Received Import Request.
  Time since last request: 1083.328605 seconds.
  path: Assets/Scripts/Interface/IInitialization.cs
  artifactKey: Guid(b3db4c9fd7284824ea08e23c9c12eaee) Importer(815301076,1909f56bfc062723c751e8b465ee728b)
Start importing Assets/Scripts/Interface/IInitialization.cs using Guid(b3db4c9fd7284824ea08e23c9c12eaee) Importer(815301076,1909f56bfc062723c751e8b465ee728b)  -> (artifact id: 'bdde5aae09f30e57370f8ed9a0bbb35f') in 2.282757 seconds 
  Import took 2.288258 seconds .

========================================================================
Received Import Request.
  Time since last request: 64.578169 seconds.
  path: Assets/Scripts/Interface/ILateExecute.cs
  artifactKey: Guid(e0a0ad90e91bab642bf1e2639d85ce4e) Importer(815301076,1909f56bfc062723c751e8b465ee728b)
Start importing Assets/Scripts/Interface/ILateExecute.cs using Guid(e0a0ad90e91bab642bf1e2639d85ce4e) Importer(815301076,1909f56bfc062723c751e8b465ee728b)  -> (artifact id: '17ebfeab4a001b2ac8c024134a7ab81d') in 1.234509 seconds 
  Import took 1.242353 seconds .

========================================================================
Received Import Request.
  Time since last request: 4014.006095 seconds.
  path: Assets/Scripts/Map/Radar.cs
  artifactKey: Guid(12396cefc876eb14ebfbd0469e99484e) Importer(815301076,1909f56bfc062723c751e8b465ee728b)
Start importing Assets/Scripts/Map/Radar.cs using Guid(12396cefc876eb14ebfbd0469e99484e) Importer(815301076,1909f56bfc062723c751e8b465ee728b)  -> (artifact id: '9d9fc1b1b5ccc1a8d6f1be9282690159') in 1.338907 seconds 
  Import took 3.045274 seconds .

========================================================================
Received Import Request.
  Time since last request: 251.617861 seconds.
  path: Assets/Scripts/Map/Radar.cs
  artifactKey: Guid(12396cefc876eb14ebfbd0469e99484e) Importer(815301076,1909f56bfc062723c751e8b465ee728b)
Start importing Assets/Scripts/Map/Radar.cs using Guid(12396cefc876eb14ebfbd0469e99484e) Importer(815301076,1909f56bfc062723c751e8b465ee728b)  -> (artifact id: '6927d842ee1a195d2383c6da70349248') in 1.251533 seconds 
  Import took 1.258582 seconds .

========================================================================
Received Import Request.
  Time since last request: 305.041246 seconds.
  path: Assets/Scripts/Map/MakeRadarObject.cs
  artifactKey: Guid(9bb3076144a019b4497b822b0c84a262) Importer(815301076,1909f56bfc062723c751e8b465ee728b)
Start importing Assets/Scripts/Map/MakeRadarObject.cs using Guid(9bb3076144a019b4497b822b0c84a262) Importer(815301076,1909f56bfc062723c751e8b465ee728b)  -> (artifact id: 'a24b8415b89541b2ba64d49b33aa31e0') in 2.958307 seconds 
  Import took 2.963480 seconds .

========================================================================
Received Import Request.
  Time since last request: 3.672748 seconds.
  path: Assets/Scripts/Map/MakeRadarObject.cs
  artifactKey: Guid(9bb3076144a019b4497b822b0c84a262) Importer(815301076,1909f56bfc062723c751e8b465ee728b)
Start importing Assets/Scripts/Map/MakeRadarObject.cs using Guid(9bb3076144a019b4497b822b0c84a262) Importer(815301076,1909f56bfc062723c751e8b465ee728b)  -> (artifact id: 'a24b8415b89541b2ba64d49b33aa31e0') in 4.608728 seconds 
  Import took 4.616259 seconds .

========================================================================
Received Import Request.
  Time since last request: 14.076167 seconds.
  path: Assets/Scripts/Map/RadarObject.cs
  artifactKey: Guid(9bb3076144a019b4497b822b0c84a262) Importer(815301076,1909f56bfc062723c751e8b465ee728b)
Start importing Assets/Scripts/Map/RadarObject.cs using Guid(9bb3076144a019b4497b822b0c84a262) Importer(815301076,1909f56bfc062723c751e8b465ee728b)  -> (artifact id: '087df9e5fafbba4f95adb939a33cdcbd') in 3.066501 seconds 
  Import took 3.070889 seconds .

========================================================================
Received Import Request.
  Time since last request: 4.051459 seconds.
  path: Assets/Scripts/Map/RadarObject.cs
  artifactKey: Guid(9bb3076144a019b4497b822b0c84a262) Importer(815301076,1909f56bfc062723c751e8b465ee728b)
Start importing Assets/Scripts/Map/RadarObject.cs using Guid(9bb3076144a019b4497b822b0c84a262) Importer(815301076,1909f56bfc062723c751e8b465ee728b)  -> (artifact id: '087df9e5fafbba4f95adb939a33cdcbd') in 2.839988 seconds 
  Import took 2.847225 seconds .

========================================================================
Received Import Request.
  Time since last request: 0.000404 seconds.
  path: Assets/Scripts/Map/Map.cs
  artifactKey: Guid(2b3946aa75ac2bd47baea49e40fa1968) Importer(815301076,1909f56bfc062723c751e8b465ee728b)
Start importing Assets/Scripts/Map/Map.cs using Guid(2b3946aa75ac2bd47baea49e40fa1968) Importer(815301076,1909f56bfc062723c751e8b465ee728b)  -> (artifact id: '5c4b03cb56900cfec243065d7a2765c5') in 2.898204 seconds 
  Import took 2.902110 seconds .

========================================================================
Received Import Request.
  Time since last request: 160.711027 seconds.
  path: Assets/Scripts/Map/RadarObject.cs
  artifactKey: Guid(9bb3076144a019b4497b822b0c84a262) Importer(815301076,1909f56bfc062723c751e8b465ee728b)
Start importing Assets/Scripts/Map/RadarObject.cs using Guid(9bb3076144a019b4497b822b0c84a262) Importer(815301076,1909f56bfc062723c751e8b465ee728b)  -> (artifact id: '19ce7e3fa9e7fd086606e8d234cc8fce') in 0.063123 seconds 
  Import took 0.066592 seconds .

========================================================================
Received Import Request.
  Time since last request: 0.076290 seconds.
  path: Assets/Scripts/Map/RadarObject.cs
  artifactKey: Guid(9bb3076144a019b4497b822b0c84a262) Importer(815301076,1909f56bfc062723c751e8b465ee728b)
Start importing Assets/Scripts/Map/RadarObject.cs using Guid(9bb3076144a019b4497b822b0c84a262) Importer(815301076,1909f56bfc062723c751e8b465ee728b)  -> (artifact id: '19ce7e3fa9e7fd086606e8d234cc8fce') in 0.065708 seconds 
  Import took 0.069382 seconds .

========================================================================
Received Import Request.
  Time since last request: 67.185676 seconds.
  path: Assets/Scripts/Map/RadarObj.cs
  artifactKey: Guid(89949097f08b1014b9fae494546a0824) Importer(815301076,1909f56bfc062723c751e8b465ee728b)
Start importing Assets/Scripts/Map/RadarObj.cs using Guid(89949097f08b1014b9fae494546a0824) Importer(815301076,1909f56bfc062723c751e8b465ee728b)  -> (artifact id: '8331bd7ebd085106354e3955e8a16d91') in 1.162109 seconds 
  Import took 1.165463 seconds .

========================================================================
Received Import Request.
  Time since last request: 218.281626 seconds.
  path: Assets/Resources/Player.prefab
  artifactKey: Guid(682106b2d93f91a4cad67b684f745bf0) Importer(815301076,1909f56bfc062723c751e8b465ee728b)
Start importing Assets/Resources/Player.prefab using Guid(682106b2d93f91a4cad67b684f745bf0) Importer(815301076,1909f56bfc062723c751e8b465ee728b)  -> (artifact id: '339030e5d85e9e98e4869a762121f309') in 2.163736 seconds 
  Import took 2.169957 seconds .

AssetImportWorkerClient::OnTransportError - code=2 error=End of file
